2025-07-05 17:40:51 optimize function
2025-11-25 05:39:45 add unit tests
2025-03-18 00:22:10 update API endpoints
2025-07-23 13:08:05 remove unused import
2025-09-10 12:02:04 initial commit
2025-01-08 06:30:57 add helper function
2025-01-19 23:54:28 update configs for prod
2025-03-29 03:54:12 update constants
2025-05-18 09:31:14 improve security
2025-09-25 10:27:56 fix config bug
2025-02-11 20:40:17 add helper function
2025-08-21 03:14:05 update configs
2025-09-10 06:31:03 fix bug
2025-06-09 10:02:29 fix config bug
2025-05-02 15:09:56 fix typo in code
2025-11-15 05:36:42 enhance logging
2025-04-26 00:23:33 update headers
2025-09-22 12:19:37 restructure modules
2025-07-23 03:49:39 remove deprecated code
2025-12-23 18:58:13 update gitignore
2025-01-29 08:18:40 optimize function
2025-12-08 21:25:52 hotfix applied
